<?xml version="1.0" encoding="UTF-8"?>
<!-- Generated by org.testng.reporters.JUnitReportReporter -->
<testsuite skipped="0" hostname="Nupurs-MacBook-Pro.local" name="CarbohydrateCalcE2E.ValidResult" tests="2" failures="0" timestamp="2022-11-29T22:29:30 EST" time="3.632" errors="0">
  <testcase name="calculateWithBasicDetails" time="2.304" classname="CarbohydrateCalcE2E.ValidResult"/>
  <system-out/>
  <testcase name="checkAgeError" time="1.328" classname="CarbohydrateCalcE2E.ValidResult"/>
  <system-out/>
</testsuite> <!-- CarbohydrateCalcE2E.ValidResult -->
